delegated label=lobby-state target=0 pda=AEdwt785uMsEXU63fhkvh9aRtiAKoqbrE8sLiiasAHJN player=
delegated label=ranked-config target=1 pda=DX7sAhKJrpZUhRT85qUfJB8LdMpPhCJikvhNE1eTwvwA player=
delegated label=leaderboard target=8 pda=75Daf9CBJdVKFTeFmqTz8Cw3NqufB8RH5xvJvGfgPYvr player=
delegated label=room-pool target=10 pda=2ukLfNcc8kdC7pCZcBkAEoLyEaAWk55eqbVtSb9eS2dY player=
skipped label=player-status:2mdvoXMrxTPyqq9ETxAf7YLgLU7GHdefR88SLvQ5xC7r target=2 pda=5BgxfDxLhmqQ9aZwHKLJVuTqthDaEgU5ph7k75NKqw2Q player=2mdvoXMrxTPyqq9ETxAf7YLgLU7GHdefR88SLvQ5xC7r
skipped label=player-live-state:2mdvoXMrxTPyqq9ETxAf7YLgLU7GHdefR88SLvQ5xC7r target=3 pda=BfpwgeZoCFSEuue2x3YYjvzZS9ShYWuPbKxWb3A4c9bf player=2mdvoXMrxTPyqq9ETxAf7YLgLU7GHdefR88SLvQ5xC7r
skipped label=player-profile:2mdvoXMrxTPyqq9ETxAf7YLgLU7GHdefR88SLvQ5xC7r target=4 pda=6XLk4BhjVJMAzotmYWYe8hnHUrbDnDcXp2m4fs3p1Fg player=2mdvoXMrxTPyqq9ETxAf7YLgLU7GHdefR88SLvQ5xC7r
skipped label=player-rewards:2mdvoXMrxTPyqq9ETxAf7YLgLU7GHdefR88SLvQ5xC7r target=9 pda=4tGmRTyYoztJQkJvvhitVea2ghRHUMxVouEEUv1quCKf player=2mdvoXMrxTPyqq9ETxAf7YLgLU7GHdefR88SLvQ5xC7r
skipped label=player-status:EKGGkpWWhSjksrKQW8EadTbsvmg1uGrpwg33fTXZTDmA target=2 pda=6Rv2jEacrg4NwURTtHdSAm1aE7tfR4rSi3WgYRTa74GY player=EKGGkpWWhSjksrKQW8EadTbsvmg1uGrpwg33fTXZTDmA
skipped label=player-live-state:EKGGkpWWhSjksrKQW8EadTbsvmg1uGrpwg33fTXZTDmA target=3 pda=9YaH6BJMY9i85TjaG1TP7s8ktv56zjRQWAHAxboUFHH8 player=EKGGkpWWhSjksrKQW8EadTbsvmg1uGrpwg33fTXZTDmA
skipped label=player-profile:EKGGkpWWhSjksrKQW8EadTbsvmg1uGrpwg33fTXZTDmA target=4 pda=8yMCUGYfenminhCZ1KY7stkbq3rcud85M6jjLw2Ab5at player=EKGGkpWWhSjksrKQW8EadTbsvmg1uGrpwg33fTXZTDmA
skipped label=player-rewards:EKGGkpWWhSjksrKQW8EadTbsvmg1uGrpwg33fTXZTDmA target=9 pda=3VRfhVuo63BMVZTn3gzaprZDXdGwVCq7ZX4xprKAPaCe player=EKGGkpWWhSjksrKQW8EadTbsvmg1uGrpwg33fTXZTDmA
skipped label=player-status:72MSkZygRAZvvxq623iy8xC7gNTh8x93u3ivbtrmXTnN target=2 pda=5rKQef5dMa5YFY3m5qFtjw1cjnthJXDupbB5ieTjGz2U player=72MSkZygRAZvvxq623iy8xC7gNTh8x93u3ivbtrmXTnN
skipped label=player-live-state:72MSkZygRAZvvxq623iy8xC7gNTh8x93u3ivbtrmXTnN target=3 pda=DcVodoDd81VjYPMYptZmw7fWXUzq8jk37xsaMHBPz39c player=72MSkZygRAZvvxq623iy8xC7gNTh8x93u3ivbtrmXTnN
skipped label=player-profile:72MSkZygRAZvvxq623iy8xC7gNTh8x93u3ivbtrmXTnN target=4 pda=Cxr6jNhQ3JG5u7cKy8Ha9o7XbhyatEbpreRkVb12F2R6 player=72MSkZygRAZvvxq623iy8xC7gNTh8x93u3ivbtrmXTnN
skipped label=player-rewards:72MSkZygRAZvvxq623iy8xC7gNTh8x93u3ivbtrmXTnN target=9 pda=HCyAcVn6pmAT1f6sRc7MwnNJMU2w6kQPTyCfHCEMxcVD player=72MSkZygRAZvvxq623iy8xC7gNTh8x93u3ivbtrmXTnN
skipped label=player-status:9NrCo2MXWzqXvZiQqhKUBHTuzKj34YpbueG8W6STuCwn target=2 pda=Et9c1yBjVW8ARprsEUFtY8x3GZAycbA2ixjnNgsnzMQ7 player=9NrCo2MXWzqXvZiQqhKUBHTuzKj34YpbueG8W6STuCwn
skipped label=player-live-state:9NrCo2MXWzqXvZiQqhKUBHTuzKj34YpbueG8W6STuCwn target=3 pda=8io4TwF9DHtJcCNhDE2AthjFcRk3QbSUx8Z9o25p8kQV player=9NrCo2MXWzqXvZiQqhKUBHTuzKj34YpbueG8W6STuCwn
skipped label=player-profile:9NrCo2MXWzqXvZiQqhKUBHTuzKj34YpbueG8W6STuCwn target=4 pda=A6BkoCqVXrwsAkQZLUmWo24U1wZDGAnVfVrqMgk84UQs player=9NrCo2MXWzqXvZiQqhKUBHTuzKj34YpbueG8W6STuCwn
skipped label=player-rewards:9NrCo2MXWzqXvZiQqhKUBHTuzKj34YpbueG8W6STuCwn target=9 pda=H6e6M9rbHMSnHspqxxYo5uaY7ra8oprBUt6i81Jhun9 player=9NrCo2MXWzqXvZiQqhKUBHTuzKj34YpbueG8W6STuCwn
